<?xml version="1.0" encoding="UTF-8"?>
<testsuite xmlns:xsi="http://www.w3.org/2001/XMLSchema-instance" xsi:noNamespaceSchemaLocation="https://maven.apache.org/surefire/maven-surefire-plugin/xsd/surefire-test-report.xsd" name="microService.cropManagement.CropManagementApplicationTests" time="28.803" tests="5" errors="0" skipped="0" failures="0">
  <properties>
[...]
</properties>
  <testcase name="testReadAll" classname="microService.cropManagement.CropManagementApplicationTests" time="0.11"/>
  <testcase name="getCropByFarmerId" classname="microService.cropManagement.CropManagementApplicationTests" time="0.011"/>
  <testcase name="deleteCrop" classname="microService.cropManagement.CropManagementApplicationTests" time="0.027"/>
  <testcase name="getUserbyIdTest" classname="microService.cropManagement.CropManagementApplicationTests" time="0.013"/>
  <testcase name="saveCropTest" classname="microService.cropManagement.CropManagementApplicationTests" time="0.012"/>
</testsuite>